<?xml version="1.0" encoding="UTF-8"?>
<testsuite name="edu.ncsu.csc326.coffeemaker.CoffeeMakerTest" tests="51" skipped="0" failures="0" errors="0" timestamp="2023-09-25T16:31:35" hostname="DESKTOP-7LL9R52" time="0.084">
  <properties/>
  <testcase name="testAddInventoryExceptionSugar" classname="edu.ncsu.csc326.coffeemaker.CoffeeMakerTest" time="0.027"/>
  <testcase name="testMakeCoffeeMultiple" classname="edu.ncsu.csc326.coffeemaker.CoffeeMakerTest" time="0.0"/>
  <testcase name="testMakeCoffeeEditRecipe1" classname="edu.ncsu.csc326.coffeemaker.CoffeeMakerTest" time="0.0"/>
  <testcase name="testMakeCoffeeEditRecipe2" classname="edu.ncsu.csc326.coffeemaker.CoffeeMakerTest" time="0.001"/>
  <testcase name="testMakeCoffeeEditRecipe3" classname="edu.ncsu.csc326.coffeemaker.CoffeeMakerTest" time="0.0"/>
  <testcase name="testAddInventoryExceptionMilkAlp" classname="edu.ncsu.csc326.coffeemaker.CoffeeMakerTest" time="0.0"/>
  <testcase name="testCheckInventory" classname="edu.ncsu.csc326.coffeemaker.CoffeeMakerTest" time="0.0"/>
  <testcase name="testMakeCoffeeInventoryTrue" classname="edu.ncsu.csc326.coffeemaker.CoffeeMakerTest" time="0.0"/>
  <testcase name="testCreateRecipe10" classname="edu.ncsu.csc326.coffeemaker.CoffeeMakerTest" time="0.0"/>
  <testcase name="testCreateRecipe11" classname="edu.ncsu.csc326.coffeemaker.CoffeeMakerTest" time="0.0"/>
  <testcase name="testCreateRecipe12" classname="edu.ncsu.csc326.coffeemaker.CoffeeMakerTest" time="0.0"/>
  <testcase name="testCreateRecipe13" classname="edu.ncsu.csc326.coffeemaker.CoffeeMakerTest" time="0.001"/>
  <testcase name="testCreateRecipe14" classname="edu.ncsu.csc326.coffeemaker.CoffeeMakerTest" time="0.003"/>
  <testcase name="testCreateRecipe15" classname="edu.ncsu.csc326.coffeemaker.CoffeeMakerTest" time="0.0"/>
  <testcase name="testCreateRecipe16" classname="edu.ncsu.csc326.coffeemaker.CoffeeMakerTest" time="0.0"/>
  <testcase name="testAddInventory" classname="edu.ncsu.csc326.coffeemaker.CoffeeMakerTest" time="0.002"/>
  <testcase name="testAddInventoryExceptionChocolateAlp" classname="edu.ncsu.csc326.coffeemaker.CoffeeMakerTest" time="0.0"/>
  <testcase name="testMakeCoffee" classname="edu.ncsu.csc326.coffeemaker.CoffeeMakerTest" time="0.0"/>
  <testcase name="testAddInventoryExceptionCoffee" classname="edu.ncsu.csc326.coffeemaker.CoffeeMakerTest" time="0.0"/>
  <testcase name="testMakeCoffeeInventoryFalse2" classname="edu.ncsu.csc326.coffeemaker.CoffeeMakerTest" time="0.0"/>
  <testcase name="testMakeCoffeeInventoryFalse3" classname="edu.ncsu.csc326.coffeemaker.CoffeeMakerTest" time="0.0"/>
  <testcase name="testMakeCoffeeInventoryFalse4" classname="edu.ncsu.csc326.coffeemaker.CoffeeMakerTest" time="0.0"/>
  <testcase name="testMakeCoffeeInventoryFalse5" classname="edu.ncsu.csc326.coffeemaker.CoffeeMakerTest" time="0.0"/>
  <testcase name="testMakeCoffeeInventoryFalse6" classname="edu.ncsu.csc326.coffeemaker.CoffeeMakerTest" time="0.0"/>
  <testcase name="testMakeCoffeeInventoryFalse7" classname="edu.ncsu.csc326.coffeemaker.CoffeeMakerTest" time="0.002"/>
  <testcase name="testAddInventoryExceptionMilk" classname="edu.ncsu.csc326.coffeemaker.CoffeeMakerTest" time="0.0"/>
  <testcase name="testMakeCoffeeMultipleFalse" classname="edu.ncsu.csc326.coffeemaker.CoffeeMakerTest" time="0.0"/>
  <testcase name="testMakeCoffeeInventoryFalse" classname="edu.ncsu.csc326.coffeemaker.CoffeeMakerTest" time="0.0"/>
  <testcase name="testAddInventoryExceptionSugarAlp" classname="edu.ncsu.csc326.coffeemaker.CoffeeMakerTest" time="0.001"/>
  <testcase name="testCheckInventoryCoffee" classname="edu.ncsu.csc326.coffeemaker.CoffeeMakerTest" time="0.003"/>
  <testcase name="testMakeCoffeeAddRecipe1" classname="edu.ncsu.csc326.coffeemaker.CoffeeMakerTest" time="0.001"/>
  <testcase name="testMakeCoffeeAddRecipe2" classname="edu.ncsu.csc326.coffeemaker.CoffeeMakerTest" time="0.0"/>
  <testcase name="testMakeCoffeeAddRecipe3" classname="edu.ncsu.csc326.coffeemaker.CoffeeMakerTest" time="0.001"/>
  <testcase name="testAddInventoryExceptionCoffeeAlp" classname="edu.ncsu.csc326.coffeemaker.CoffeeMakerTest" time="0.0"/>
  <testcase name="testAddInventoryExceptionChocolate" classname="edu.ncsu.csc326.coffeemaker.CoffeeMakerTest" time="0.0"/>
  <testcase name="testCreateRecipe1" classname="edu.ncsu.csc326.coffeemaker.CoffeeMakerTest" time="0.0"/>
  <testcase name="testCreateRecipe2" classname="edu.ncsu.csc326.coffeemaker.CoffeeMakerTest" time="0.0"/>
  <testcase name="testCreateRecipe3" classname="edu.ncsu.csc326.coffeemaker.CoffeeMakerTest" time="0.0"/>
  <testcase name="testCreateRecipe4" classname="edu.ncsu.csc326.coffeemaker.CoffeeMakerTest" time="0.001"/>
  <testcase name="testCreateRecipe5" classname="edu.ncsu.csc326.coffeemaker.CoffeeMakerTest" time="0.001"/>
  <testcase name="testCreateRecipe6" classname="edu.ncsu.csc326.coffeemaker.CoffeeMakerTest" time="0.0"/>
  <testcase name="testCreateRecipe7" classname="edu.ncsu.csc326.coffeemaker.CoffeeMakerTest" time="0.002"/>
  <testcase name="testCreateRecipe8" classname="edu.ncsu.csc326.coffeemaker.CoffeeMakerTest" time="0.002"/>
  <testcase name="testCreateRecipe9" classname="edu.ncsu.csc326.coffeemaker.CoffeeMakerTest" time="0.0"/>
  <testcase name="testMakeCoffeeDeleteRecipe1" classname="edu.ncsu.csc326.coffeemaker.CoffeeMakerTest" time="0.001"/>
  <testcase name="testMakeCoffeeDeleteRecipe2" classname="edu.ncsu.csc326.coffeemaker.CoffeeMakerTest" time="0.001"/>
  <testcase name="testMakeCoffeeDeleteRecipe3" classname="edu.ncsu.csc326.coffeemaker.CoffeeMakerTest" time="0.001"/>
  <testcase name="testCheckInventoryChoco" classname="edu.ncsu.csc326.coffeemaker.CoffeeMakerTest" time="0.0"/>
  <testcase name="testCheckInventorySugar" classname="edu.ncsu.csc326.coffeemaker.CoffeeMakerTest" time="0.0"/>
  <testcase name="testCheckInventoryMilk" classname="edu.ncsu.csc326.coffeemaker.CoffeeMakerTest" time="0.001"/>
  <testcase name="testMakeCoffeeMultipleTrue" classname="edu.ncsu.csc326.coffeemaker.CoffeeMakerTest" time="0.001"/>
  <system-out><![CDATA[]]></system-out>
  <system-err><![CDATA[]]></system-err>
</testsuite>
